This file contains any messages produced by compilers while
running configure, to aid debugging if configure makes a mistake.

It was created by hamonikr-security-tool configure 1.0.0, which was
generated by GNU Autoconf 2.71.  Invocation command line was

  $ ./configure

## --------- ##
## Platform. ##
## --------- ##

hostname = hamonikr-8
uname -m = x86_64
uname -r = 6.14.0-27-generic
uname -s = Linux
uname -v = #27~24.04.1-Ubuntu SMP PREEMPT_DYNAMIC Tue Jul 22 17:38:49 UTC 2

/usr/bin/uname -p = x86_64
/bin/uname -X     = unknown

/bin/arch              = x86_64
/usr/bin/arch -k       = unknown
/usr/convex/getsysinfo = unknown
/usr/bin/hostinfo      = unknown
/bin/machine           = unknown
/usr/bin/oslevel       = unknown
/bin/universe          = unknown

PATH: /usr/share/swift/usr/bin/
PATH: /home/hamonikr/.bun/bin/
PATH: /home/hamonikr/.nvm/versions/node/v22.18.0/bin/
PATH: /usr/local/sbin/
PATH: /usr/local/bin/
PATH: /usr/sbin/
PATH: /usr/bin/
PATH: /sbin/
PATH: /bin/
PATH: /usr/games/
PATH: /usr/local/games/
PATH: /snap/bin/


## ----------- ##
## Core tests. ##
## ----------- ##

configure:2463: looking for aux files: ltmain.sh config.guess config.sub compile missing install-sh
configure:2476:  trying ./
configure:2505:   ./ltmain.sh found
configure:2505:   ./config.guess found
configure:2505:   ./config.sub found
configure:2505:   ./compile found
configure:2505:   ./missing found
configure:2487:   ./install-sh found
configure:2636: checking for a BSD-compatible install
configure:2709: result: /usr/bin/install -c
configure:2720: checking whether build environment is sane
configure:2775: result: yes
configure:2934: checking for a race-free mkdir -p
configure:2978: result: /usr/bin/mkdir -p
configure:2985: checking for gawk
configure:3006: found /usr/bin/gawk
configure:3017: result: gawk
configure:3028: checking whether make sets $(MAKE)
configure:3051: result: yes
configure:3081: checking whether make supports nested variables
configure:3099: result: yes
configure:3238: checking whether to enable maintainer-specific portions of Makefiles
configure:3248: result: no
configure:3273: checking whether make supports nested variables
configure:3291: result: yes
configure:3381: checking for pkg-config
configure:3404: found /usr/bin/pkg-config
configure:3416: result: /usr/bin/pkg-config
configure:3441: checking pkg-config is at least version 0.16
configure:3444: result: yes
configure:3461: $PKG_CONFIG --exists --print-errors "gio-2.0"
configure:3464: $? = 0
configure:3644: checking for gcc
configure:3665: found /usr/bin/gcc
configure:3676: result: gcc
configure:4029: checking for C compiler version
configure:4038: gcc --version >&5
gcc (Ubuntu 13.3.0-6ubuntu2~24.04) 13.3.0
Copyright (C) 2023 Free Software Foundation, Inc.
This is free software; see the source for copying conditions.  There is NO
warranty; not even for MERCHANTABILITY or FITNESS FOR A PARTICULAR PURPOSE.

configure:4049: $? = 0
configure:4038: gcc -v >&5
Using built-in specs.
COLLECT_GCC=gcc
COLLECT_LTO_WRAPPER=/usr/libexec/gcc/x86_64-linux-gnu/13/lto-wrapper
OFFLOAD_TARGET_NAMES=nvptx-none:amdgcn-amdhsa
OFFLOAD_TARGET_DEFAULT=1
Target: x86_64-linux-gnu
Configured with: ../src/configure -v --with-pkgversion='Ubuntu 13.3.0-6ubuntu2~24.04' --with-bugurl=file:///usr/share/doc/gcc-13/README.Bugs --enable-languages=c,ada,c++,go,d,fortran,objc,obj-c++,m2 --prefix=/usr --with-gcc-major-version-only --program-suffix=-13 --program-prefix=x86_64-linux-gnu- --enable-shared --enable-linker-build-id --libexecdir=/usr/libexec --without-included-gettext --enable-threads=posix --libdir=/usr/lib --enable-nls --enable-bootstrap --enable-clocale=gnu --enable-libstdcxx-debug --enable-libstdcxx-time=yes --with-default-libstdcxx-abi=new --enable-libstdcxx-backtrace --enable-gnu-unique-object --disable-vtable-verify --enable-plugin --enable-default-pie --with-system-zlib --enable-libphobos-checking=release --with-target-system-zlib=auto --enable-objc-gc=auto --enable-multiarch --disable-werror --enable-cet --with-arch-32=i686 --with-abi=m64 --with-multilib-list=m32,m64,mx32 --enable-multilib --with-tune=generic --enable-offload-targets=nvptx-none=/build/gcc-13-fG75Ri/gcc-13-13.3.0/debian/tmp-nvptx/usr,amdgcn-amdhsa=/build/gcc-13-fG75Ri/gcc-13-13.3.0/debian/tmp-gcn/usr --enable-offload-defaulted --without-cuda-driver --enable-checking=release --build=x86_64-linux-gnu --host=x86_64-linux-gnu --target=x86_64-linux-gnu --with-build-config=bootstrap-lto-lean --enable-link-serialization=2
Thread model: posix
Supported LTO compression algorithms: zlib zstd
gcc version 13.3.0 (Ubuntu 13.3.0-6ubuntu2~24.04) 
... rest of stderr output deleted ...
configure:4049: $? = 0
configure:4038: gcc -V >&5
gcc: error: unrecognized command-line option '-V'
gcc: fatal error: no input files
compilation terminated.
configure:4049: $? = 1
configure:4038: gcc -qversion >&5
gcc: error: unrecognized command-line option '-qversion'; did you mean '--version'?
gcc: fatal error: no input files
compilation terminated.
configure:4049: $? = 1
configure:4038: gcc -version >&5
gcc: error: unrecognized command-line option '-version'
gcc: fatal error: no input files
compilation terminated.
configure:4049: $? = 1
configure:4069: checking whether the C compiler works
configure:4091: gcc    conftest.c  >&5
configure:4095: $? = 0
configure:4145: result: yes
configure:4148: checking for C compiler default output file name
configure:4150: result: a.out
configure:4156: checking for suffix of executables
configure:4163: gcc -o conftest    conftest.c  >&5
configure:4167: $? = 0
configure:4190: result: 
configure:4212: checking whether we are cross compiling
configure:4220: gcc -o conftest    conftest.c  >&5
configure:4224: $? = 0
configure:4231: ./conftest
configure:4235: $? = 0
configure:4250: result: no
configure:4255: checking for suffix of object files
configure:4278: gcc -c   conftest.c >&5
configure:4282: $? = 0
configure:4304: result: o
configure:4308: checking whether the compiler supports GNU C
configure:4328: gcc -c   conftest.c >&5
configure:4328: $? = 0
configure:4338: result: yes
configure:4349: checking whether gcc accepts -g
configure:4370: gcc -c -g  conftest.c >&5
configure:4370: $? = 0
configure:4414: result: yes
configure:4434: checking for gcc option to enable C11 features
configure:4449: gcc  -c -g -O2  conftest.c >&5
configure:4449: $? = 0
configure:4467: result: none needed
configure:4583: checking whether gcc understands -c and -o together
configure:4606: gcc -c conftest.c -o conftest2.o
configure:4609: $? = 0
configure:4606: gcc -c conftest.c -o conftest2.o
configure:4609: $? = 0
configure:4621: result: yes
configure:4641: checking whether make supports the include directive
configure:4656: make -f confmf.GNU && cat confinc.out
this is the am__doit target
configure:4659: $? = 0
configure:4678: result: yes (GNU style)
configure:4704: checking dependency style of gcc
configure:4816: result: gcc3
configure:4838: checking build system type
configure:4853: result: x86_64-pc-linux-gnu
configure:4873: checking host system type
configure:4887: result: x86_64-pc-linux-gnu
configure:4907: checking for a sed that does not truncate output
configure:4977: result: /usr/bin/sed
configure:4995: checking for grep that handles long lines and -e
configure:5059: result: /usr/bin/grep
configure:5064: checking for egrep
configure:5132: result: /usr/bin/grep -E
configure:5137: checking for fgrep
configure:5205: result: /usr/bin/grep -F
configure:5232: checking how to print strings
configure:5259: result: printf
configure:5293: checking for ld used by gcc
configure:5361: result: /usr/bin/ld
configure:5368: checking if the linker (/usr/bin/ld) is GNU ld
configure:5384: result: yes
configure:5398: checking whether NLS is requested
configure:5408: result: yes
configure:5426: checking for intltool >= 0.35.2
configure:5428: result: 0.51.0 found
configure:5436: checking for intltool-update
configure:5459: found /usr/bin/intltool-update
configure:5471: result: /usr/bin/intltool-update
configure:5481: checking for intltool-merge
configure:5504: found /usr/bin/intltool-merge
configure:5516: result: /usr/bin/intltool-merge
configure:5526: checking for intltool-extract
configure:5549: found /usr/bin/intltool-extract
configure:5561: result: /usr/bin/intltool-extract
configure:5715: checking for xgettext
configure:5738: found /usr/bin/xgettext
configure:5750: result: /usr/bin/xgettext
configure:5760: checking for msgmerge
configure:5783: found /usr/bin/msgmerge
configure:5795: result: /usr/bin/msgmerge
configure:5805: checking for msgfmt
configure:5828: found /usr/bin/msgfmt
configure:5840: result: /usr/bin/msgfmt
configure:5850: checking for gmsgfmt
configure:5886: result: /usr/bin/msgfmt
configure:5906: checking for perl
configure:5929: found /usr/bin/perl
configure:5941: result: /usr/bin/perl
configure:5952: checking for perl >= 5.8.1
configure:5959: result: 5.38.2
configure:5963: checking for XML::Parser
configure:5966: result: ok
configure:6024: checking for BSD- or MS-compatible name lister (nm)
configure:6079: result: /usr/bin/nm -B
configure:6219: checking the name lister (/usr/bin/nm -B) interface
configure:6227: gcc -c -g -O2  conftest.c >&5
configure:6230: /usr/bin/nm -B "conftest.o"
configure:6233: output
0000000000000000 B some_variable
configure:6240: result: BSD nm
configure:6243: checking whether ln -s works
configure:6247: result: yes
configure:6255: checking the maximum length of command line arguments
configure:6387: result: 1572864
configure:6435: checking how to convert x86_64-pc-linux-gnu file names to x86_64-pc-linux-gnu format
configure:6476: result: func_convert_file_noop
configure:6483: checking how to convert x86_64-pc-linux-gnu file names to toolchain format
configure:6504: result: func_convert_file_noop
configure:6511: checking for /usr/bin/ld option to reload object files
configure:6519: result: -r
configure:6598: checking for file
configure:6619: found /usr/bin/file
configure:6630: result: file
configure:6706: checking for objdump
configure:6727: found /usr/bin/objdump
configure:6738: result: objdump
configure:6770: checking how to recognize dependent libraries
configure:6971: result: pass_all
configure:7061: checking for dlltool
configure:7096: result: no
configure:7126: checking how to associate runtime and link libraries
configure:7154: result: printf %s\n
configure:7220: checking for ar
configure:7241: found /usr/bin/ar
configure:7252: result: ar
configure:7305: checking for archiver @FILE support
configure:7323: gcc -c -g -O2  conftest.c >&5
configure:7323: $? = 0
configure:7327: ar cr libconftest.a @conftest.lst >&5
configure:7330: $? = 0
configure:7335: ar cr libconftest.a @conftest.lst >&5
ar: conftest.o: No such file or directory
configure:7338: $? = 1
configure:7350: result: @
configure:7413: checking for strip
configure:7434: found /usr/bin/strip
configure:7445: result: strip
configure:7522: checking for ranlib
configure:7543: found /usr/bin/ranlib
configure:7554: result: ranlib
configure:7656: checking command to parse /usr/bin/nm -B output from gcc object
configure:7810: gcc -c -g -O2  conftest.c >&5
configure:7813: $? = 0
configure:7817: /usr/bin/nm -B conftest.o | /usr/bin/sed -n -e 's/^.*[	 ]\([ABCDGIRSTW][ABCDGIRSTW]*\)[	 ][	 ]*\([_A-Za-z][_A-Za-z0-9]*\)$/\1 \2 \2/p' | /usr/bin/sed '/ __gnu_lto/d' > conftest.nm
configure:7883: gcc -o conftest -g -O2   conftest.c conftstm.o >&5
configure:7886: $? = 0
configure:7924: result: ok
configure:7971: checking for sysroot
configure:8002: result: no
configure:8009: checking for a working dd
configure:8053: result: /usr/bin/dd
configure:8057: checking how to truncate binary pipes
configure:8073: result: /usr/bin/dd bs=4096 count=1
configure:8210: gcc -c -g -O2  conftest.c >&5
configure:8213: $? = 0
configure:8410: checking for mt
configure:8431: found /usr/bin/mt
configure:8442: result: mt
configure:8465: checking if mt is a manifest tool
configure:8472: mt '-?'
configure:8480: result: no
configure:9205: checking for stdio.h
configure:9205: gcc -c -g -O2  conftest.c >&5
configure:9205: $? = 0
configure:9205: result: yes
configure:9205: checking for stdlib.h
configure:9205: gcc -c -g -O2  conftest.c >&5
configure:9205: $? = 0
configure:9205: result: yes
configure:9205: checking for string.h
configure:9205: gcc -c -g -O2  conftest.c >&5
configure:9205: $? = 0
configure:9205: result: yes
configure:9205: checking for inttypes.h
configure:9205: gcc -c -g -O2  conftest.c >&5
configure:9205: $? = 0
configure:9205: result: yes
configure:9205: checking for stdint.h
configure:9205: gcc -c -g -O2  conftest.c >&5
configure:9205: $? = 0
configure:9205: result: yes
configure:9205: checking for strings.h
configure:9205: gcc -c -g -O2  conftest.c >&5
configure:9205: $? = 0
configure:9205: result: yes
configure:9205: checking for sys/stat.h
configure:9205: gcc -c -g -O2  conftest.c >&5
configure:9205: $? = 0
configure:9205: result: yes
configure:9205: checking for sys/types.h
configure:9205: gcc -c -g -O2  conftest.c >&5
configure:9205: $? = 0
configure:9205: result: yes
configure:9205: checking for unistd.h
configure:9205: gcc -c -g -O2  conftest.c >&5
configure:9205: $? = 0
configure:9205: result: yes
configure:9230: checking for dlfcn.h
configure:9230: gcc -c -g -O2  conftest.c >&5
configure:9230: $? = 0
configure:9230: result: yes
configure:9488: checking for objdir
configure:9504: result: .libs
configure:9768: checking if gcc supports -fno-rtti -fno-exceptions
configure:9787: gcc -c -g -O2  -fno-rtti -fno-exceptions conftest.c >&5
cc1: warning: command-line option '-fno-rtti' is valid for C++/D/ObjC++ but not for C
configure:9791: $? = 0
configure:9804: result: no
configure:10168: checking for gcc option to produce PIC
configure:10176: result: -fPIC -DPIC
configure:10184: checking if gcc PIC flag -fPIC -DPIC works
configure:10203: gcc -c -g -O2  -fPIC -DPIC -DPIC conftest.c >&5
configure:10207: $? = 0
configure:10220: result: yes
configure:10249: checking if gcc static flag -static works
configure:10278: result: yes
configure:10293: checking if gcc supports -c -o file.o
configure:10315: gcc -c -g -O2  -o out/conftest2.o conftest.c >&5
configure:10319: $? = 0
configure:10341: result: yes
configure:10349: checking if gcc supports -c -o file.o
configure:10397: result: yes
configure:10430: checking whether the gcc linker (/usr/bin/ld -m elf_x86_64) supports shared libraries
configure:11704: result: yes
configure:11741: checking whether -lc should be explicitly linked in
configure:11750: gcc -c -g -O2  conftest.c >&5
configure:11753: $? = 0
configure:11768: gcc -shared  -fPIC -DPIC conftest.o  -v -Wl,-soname -Wl,conftest -o conftest 2\>\&1 \| /usr/bin/grep  -lc  \>/dev/null 2\>\&1
configure:11771: $? = 0
configure:11785: result: no
configure:11945: checking dynamic linker characteristics
configure:12527: gcc -o conftest -g -O2   -Wl,-rpath -Wl,/foo conftest.c  >&5
configure:12527: $? = 0
configure:12778: result: GNU/Linux ld.so
configure:12900: checking how to hardcode library paths into programs
configure:12925: result: immediate
configure:13477: checking whether stripping libraries is possible
configure:13486: result: yes
configure:13528: checking if libtool supports shared libraries
configure:13530: result: yes
configure:13533: checking whether to build shared libraries
configure:13558: result: yes
configure:13561: checking whether to build static libraries
configure:13565: result: no
configure:13606: checking for egrep
configure:13674: result: /usr/bin/grep -E
configure:13680: checking for stdlib.h
configure:13680: result: yes
configure:13686: checking for string.h
configure:13686: result: yes
configure:13692: checking for errno.h
configure:13692: gcc -c -g -O2  conftest.c >&5
configure:13692: $? = 0
configure:13692: result: yes
configure:13698: checking for unistd.h
configure:13698: result: yes
configure:13712: checking for locale.h
configure:13712: gcc -c -g -O2  conftest.c >&5
configure:13712: $? = 0
configure:13712: result: yes
configure:13720: checking for LC_MESSAGES
configure:13737: gcc -o conftest -g -O2   conftest.c  >&5
configure:13737: $? = 0
configure:13746: result: yes
configure:13764: checking for CFPreferencesCopyAppValue
configure:13783: gcc -o conftest -g -O2   conftest.c  -Wl,-framework -Wl,CoreFoundation >&5
conftest.c:30:10: fatal error: CoreFoundation/CFPreferences.h: No such file or directory
   30 | #include <CoreFoundation/CFPreferences.h>
      |          ^~~~~~~~~~~~~~~~~~~~~~~~~~~~~~~~
compilation terminated.
configure:13783: $? = 1
configure: failed program was:
| /* confdefs.h */
| #define PACKAGE_NAME "hamonikr-security-tool"
| #define PACKAGE_TARNAME "hamonikr-security-tool"
| #define PACKAGE_VERSION "1.0.0"
| #define PACKAGE_STRING "hamonikr-security-tool 1.0.0"
| #define PACKAGE_BUGREPORT ""
| #define PACKAGE_URL ""
| #define PACKAGE "hamonikr-security-tool"
| #define VERSION "1.0.0"
| #define HAVE_STDIO_H 1
| #define HAVE_STDLIB_H 1
| #define HAVE_STRING_H 1
| #define HAVE_INTTYPES_H 1
| #define HAVE_STDINT_H 1
| #define HAVE_STRINGS_H 1
| #define HAVE_SYS_STAT_H 1
| #define HAVE_SYS_TYPES_H 1
| #define HAVE_UNISTD_H 1
| #define STDC_HEADERS 1
| #define HAVE_DLFCN_H 1
| #define LT_OBJDIR ".libs/"
| #define HAVE_STDLIB_H 1
| #define HAVE_STRING_H 1
| #define HAVE_ERRNO_H 1
| #define HAVE_UNISTD_H 1
| #define GETTEXT_PACKAGE "hamonikr-security-tool"
| #define HAVE_LOCALE_H 1
| #define HAVE_LC_MESSAGES 1
| /* end confdefs.h.  */
| #include <CoreFoundation/CFPreferences.h>
| int
| main (void)
| {
| CFPreferencesCopyAppValue(NULL, NULL)
|   ;
|   return 0;
| }
configure:13793: result: no
configure:13800: checking for CFLocaleCopyCurrent
configure:13819: gcc -o conftest -g -O2   conftest.c  -Wl,-framework -Wl,CoreFoundation >&5
conftest.c:30:10: fatal error: CoreFoundation/CFLocale.h: No such file or directory
   30 | #include <CoreFoundation/CFLocale.h>
      |          ^~~~~~~~~~~~~~~~~~~~~~~~~~~
compilation terminated.
configure:13819: $? = 1
configure: failed program was:
| /* confdefs.h */
| #define PACKAGE_NAME "hamonikr-security-tool"
| #define PACKAGE_TARNAME "hamonikr-security-tool"
| #define PACKAGE_VERSION "1.0.0"
| #define PACKAGE_STRING "hamonikr-security-tool 1.0.0"
| #define PACKAGE_BUGREPORT ""
| #define PACKAGE_URL ""
| #define PACKAGE "hamonikr-security-tool"
| #define VERSION "1.0.0"
| #define HAVE_STDIO_H 1
| #define HAVE_STDLIB_H 1
| #define HAVE_STRING_H 1
| #define HAVE_INTTYPES_H 1
| #define HAVE_STDINT_H 1
| #define HAVE_STRINGS_H 1
| #define HAVE_SYS_STAT_H 1
| #define HAVE_SYS_TYPES_H 1
| #define HAVE_UNISTD_H 1
| #define STDC_HEADERS 1
| #define HAVE_DLFCN_H 1
| #define LT_OBJDIR ".libs/"
| #define HAVE_STDLIB_H 1
| #define HAVE_STRING_H 1
| #define HAVE_ERRNO_H 1
| #define HAVE_UNISTD_H 1
| #define GETTEXT_PACKAGE "hamonikr-security-tool"
| #define HAVE_LOCALE_H 1
| #define HAVE_LC_MESSAGES 1
| /* end confdefs.h.  */
| #include <CoreFoundation/CFLocale.h>
| int
| main (void)
| {
| CFLocaleCopyCurrent();
|   ;
|   return 0;
| }
configure:13829: result: no
configure:13843: checking for libintl.h
configure:13843: gcc -c -g -O2  conftest.c >&5
configure:13843: $? = 0
configure:13843: result: yes
configure:13852: checking for ngettext in libc
configure:13871: gcc -o conftest -g -O2   conftest.c  >&5
configure:13871: $? = 0
configure:13881: result: yes
configure:13885: checking for dgettext in libc
configure:13904: gcc -o conftest -g -O2   conftest.c  >&5
configure:13904: $? = 0
configure:13914: result: yes
configure:13919: checking for bind_textdomain_codeset
configure:13919: gcc -o conftest -g -O2   conftest.c  >&5
configure:13919: $? = 0
configure:13919: result: yes
configure:14189: checking for msgfmt
configure:14217: result: /usr/bin/msgfmt
configure:14226: checking for dcgettext
configure:14226: gcc -o conftest -g -O2   conftest.c   >&5
conftest.c:48:6: warning: conflicting types for built-in function 'dcgettext'; expected 'char *(const char *, const char *, int)' [-Wbuiltin-declaration-mismatch]
   48 | char dcgettext ();
      |      ^~~~~~~~~
configure:14226: $? = 0
configure:14226: result: yes
configure:14234: checking if msgfmt accepts -c
configure:14249: $MSGFMT -c -o /dev/null conftest.foo
conftest.foo:3: warning: header field 'Language' missing in header
configure:14252: $? = 0
configure:14254: result: yes
configure:14264: checking for gmsgfmt
configure:14300: result: /usr/bin/msgfmt
configure:14310: checking for xgettext
configure:14338: result: /usr/bin/xgettext
configure:14357: gcc -o conftest -g -O2   conftest.c   >&5
configure:14357: $? = 0
configure:14500: checking for gtk+-3.0 >= 3.20.0
configure:14507: $PKG_CONFIG --exists --print-errors "gtk+-3.0 >= 3.20.0"
configure:14510: $? = 0
configure:14524: $PKG_CONFIG --exists --print-errors "gtk+-3.0 >= 3.20.0"
configure:14527: $? = 0
configure:14585: result: yes
configure:14591: checking for glib-2.0 >= 2.44.0
configure:14598: $PKG_CONFIG --exists --print-errors "glib-2.0 >= 2.44.0"
configure:14601: $? = 0
configure:14615: $PKG_CONFIG --exists --print-errors "glib-2.0 >= 2.44.0"
configure:14618: $? = 0
configure:14676: result: yes
configure:14682: checking for gio-2.0 >= 2.58.3
configure:14689: $PKG_CONFIG --exists --print-errors "gio-2.0 >= 2.58.3"
configure:14692: $? = 0
configure:14706: $PKG_CONFIG --exists --print-errors "gio-2.0 >= 2.58.3"
configure:14709: $? = 0
configure:14767: result: yes
configure:14773: checking for json-c
configure:14780: $PKG_CONFIG --exists --print-errors "json-c"
Package json-c was not found in the pkg-config search path.
Perhaps you should add the directory containing `json-c.pc'
to the PKG_CONFIG_PATH environment variable
Package 'json-c', required by 'virtual:world', not found
configure:14783: $? = 1
configure:14797: $PKG_CONFIG --exists --print-errors "json-c"
Package json-c was not found in the pkg-config search path.
Perhaps you should add the directory containing `json-c.pc'
to the PKG_CONFIG_PATH environment variable
Package 'json-c', required by 'virtual:world', not found
configure:14800: $? = 1
configure:14814: result: no
Package 'json-c', required by 'virtual:world', not found
configure:14830: error: Package requirements (json-c) were not met:

Package 'json-c', required by 'virtual:world', not found

Consider adjusting the PKG_CONFIG_PATH environment variable if you
installed software in a non-standard prefix.

Alternatively, you may set the environment variables JSON_C_CFLAGS
and JSON_C_LIBS to avoid the need to call pkg-config.
See the pkg-config man page for more details.

## ---------------- ##
## Cache variables. ##
## ---------------- ##

ac_cv_build=x86_64-pc-linux-gnu
ac_cv_c_compiler_gnu=yes
ac_cv_env_CC_set=
ac_cv_env_CC_value=
ac_cv_env_CFLAGS_set=
ac_cv_env_CFLAGS_value=
ac_cv_env_CPPFLAGS_set=
ac_cv_env_CPPFLAGS_value=
ac_cv_env_GIO_CFLAGS_set=
ac_cv_env_GIO_CFLAGS_value=
ac_cv_env_GIO_LIBS_set=
ac_cv_env_GIO_LIBS_value=
ac_cv_env_GLIB_CFLAGS_set=
ac_cv_env_GLIB_CFLAGS_value=
ac_cv_env_GLIB_COMPILE_SCHEMAS_set=
ac_cv_env_GLIB_COMPILE_SCHEMAS_value=
ac_cv_env_GLIB_LIBS_set=
ac_cv_env_GLIB_LIBS_value=
ac_cv_env_GTK3_CFLAGS_set=
ac_cv_env_GTK3_CFLAGS_value=
ac_cv_env_GTK3_LIBS_set=
ac_cv_env_GTK3_LIBS_value=
ac_cv_env_JSON_C_CFLAGS_set=
ac_cv_env_JSON_C_CFLAGS_value=
ac_cv_env_JSON_C_LIBS_set=
ac_cv_env_JSON_C_LIBS_value=
ac_cv_env_LDFLAGS_set=
ac_cv_env_LDFLAGS_value=
ac_cv_env_LIBS_set=
ac_cv_env_LIBS_value=
ac_cv_env_LT_SYS_LIBRARY_PATH_set=
ac_cv_env_LT_SYS_LIBRARY_PATH_value=
ac_cv_env_PKG_CONFIG_LIBDIR_set=
ac_cv_env_PKG_CONFIG_LIBDIR_value=
ac_cv_env_PKG_CONFIG_PATH_set=
ac_cv_env_PKG_CONFIG_PATH_value=
ac_cv_env_PKG_CONFIG_set=
ac_cv_env_PKG_CONFIG_value=
ac_cv_env_POLKIT_CFLAGS_set=
ac_cv_env_POLKIT_CFLAGS_value=
ac_cv_env_POLKIT_LIBS_set=
ac_cv_env_POLKIT_LIBS_value=
ac_cv_env_build_alias_set=
ac_cv_env_build_alias_value=
ac_cv_env_host_alias_set=
ac_cv_env_host_alias_value=
ac_cv_env_target_alias_set=
ac_cv_env_target_alias_value=
ac_cv_func_bind_textdomain_codeset=yes
ac_cv_func_dcgettext=yes
ac_cv_header_dlfcn_h=yes
ac_cv_header_errno_h=yes
ac_cv_header_inttypes_h=yes
ac_cv_header_libintl_h=yes
ac_cv_header_locale_h=yes
ac_cv_header_stdint_h=yes
ac_cv_header_stdio_h=yes
ac_cv_header_stdlib_h=yes
ac_cv_header_string_h=yes
ac_cv_header_strings_h=yes
ac_cv_header_sys_stat_h=yes
ac_cv_header_sys_types_h=yes
ac_cv_header_unistd_h=yes
ac_cv_host=x86_64-pc-linux-gnu
ac_cv_objext=o
ac_cv_path_EGREP='/usr/bin/grep -E'
ac_cv_path_FGREP='/usr/bin/grep -F'
ac_cv_path_GMSGFMT=/usr/bin/msgfmt
ac_cv_path_GREP=/usr/bin/grep
ac_cv_path_INTLTOOL_EXTRACT=/usr/bin/intltool-extract
ac_cv_path_INTLTOOL_MERGE=/usr/bin/intltool-merge
ac_cv_path_INTLTOOL_PERL=/usr/bin/perl
ac_cv_path_INTLTOOL_UPDATE=/usr/bin/intltool-update
ac_cv_path_MSGFMT=/usr/bin/msgfmt
ac_cv_path_MSGMERGE=/usr/bin/msgmerge
ac_cv_path_SED=/usr/bin/sed
ac_cv_path_XGETTEXT=/usr/bin/xgettext
ac_cv_path_ac_pt_PKG_CONFIG=/usr/bin/pkg-config
ac_cv_path_install='/usr/bin/install -c'
ac_cv_path_lt_DD=/usr/bin/dd
ac_cv_path_mkdir=/usr/bin/mkdir
ac_cv_prog_AWK=gawk
ac_cv_prog_ac_ct_AR=ar
ac_cv_prog_ac_ct_CC=gcc
ac_cv_prog_ac_ct_FILECMD=file
ac_cv_prog_ac_ct_MANIFEST_TOOL=mt
ac_cv_prog_ac_ct_OBJDUMP=objdump
ac_cv_prog_ac_ct_RANLIB=ranlib
ac_cv_prog_ac_ct_STRIP=strip
ac_cv_prog_cc_c11=
ac_cv_prog_cc_g=yes
ac_cv_prog_cc_stdc=
ac_cv_prog_make_make_set=yes
am_cv_CC_dependencies_compiler_type=gcc3
am_cv_make_support_nested_variables=yes
am_cv_prog_cc_c_o=yes
am_cv_val_LC_MESSAGES=yes
gt_cv_func_CFLocaleCopyCurrent=no
gt_cv_func_CFPreferencesCopyAppValue=no
gt_cv_func_dgettext_libc=yes
gt_cv_func_dgettext_libintl=no
gt_cv_func_ngettext_libc=yes
gt_cv_have_gettext=yes
lt_cv_ar_at_file=@
lt_cv_archive_cmds_need_lc=no
lt_cv_deplibs_check_method=pass_all
lt_cv_file_magic_cmd='$MAGIC_CMD'
lt_cv_file_magic_test_file=
lt_cv_ld_reload_flag=-r
lt_cv_nm_interface='BSD nm'
lt_cv_objdir=.libs
lt_cv_path_LD=/usr/bin/ld
lt_cv_path_NM='/usr/bin/nm -B'
lt_cv_path_mainfest_tool=no
lt_cv_prog_compiler_c_o=yes
lt_cv_prog_compiler_pic='-fPIC -DPIC'
lt_cv_prog_compiler_pic_works=yes
lt_cv_prog_compiler_rtti_exceptions=no
lt_cv_prog_compiler_static_works=yes
lt_cv_prog_gnu_ld=yes
lt_cv_sharedlib_from_linklib_cmd='printf %s\n'
lt_cv_shlibpath_overrides_runpath=yes
lt_cv_sys_global_symbol_pipe='/usr/bin/sed -n -e '\''s/^.*[	 ]\([ABCDGIRSTW][ABCDGIRSTW]*\)[	 ][	 ]*\([_A-Za-z][_A-Za-z0-9]*\)$/\1 \2 \2/p'\'' | /usr/bin/sed '\''/ __gnu_lto/d'\'''
lt_cv_sys_global_symbol_to_c_name_address='/usr/bin/sed -n -e '\''s/^: \(.*\) .*$/  {"\1", (void *) 0},/p'\'' -e '\''s/^[ABCDGIRSTW][ABCDGIRSTW]* .* \(.*\)$/  {"\1", (void *) \&\1},/p'\'''
lt_cv_sys_global_symbol_to_c_name_address_lib_prefix='/usr/bin/sed -n -e '\''s/^: \(.*\) .*$/  {"\1", (void *) 0},/p'\'' -e '\''s/^[ABCDGIRSTW][ABCDGIRSTW]* .* \(lib.*\)$/  {"\1", (void *) \&\1},/p'\'' -e '\''s/^[ABCDGIRSTW][ABCDGIRSTW]* .* \(.*\)$/  {"lib\1", (void *) \&\1},/p'\'''
lt_cv_sys_global_symbol_to_cdecl='/usr/bin/sed -n -e '\''s/^T .* \(.*\)$/extern int \1();/p'\'' -e '\''s/^[ABCDGIRSTW][ABCDGIRSTW]* .* \(.*\)$/extern char \1;/p'\'''
lt_cv_sys_global_symbol_to_import=
lt_cv_sys_max_cmd_len=1572864
lt_cv_to_host_file_cmd=func_convert_file_noop
lt_cv_to_tool_file_cmd=func_convert_file_noop
lt_cv_truncate_bin='/usr/bin/dd bs=4096 count=1'
pkg_cv_GIO_CFLAGS='-I/usr/include/glib-2.0 -I/usr/lib/x86_64-linux-gnu/glib-2.0/include -pthread -I/usr/include/libmount -I/usr/include/blkid '
pkg_cv_GIO_LIBS='-lgio-2.0 -lgobject-2.0 -lglib-2.0 '
pkg_cv_GLIB_CFLAGS='-I/usr/include/glib-2.0 -I/usr/lib/x86_64-linux-gnu/glib-2.0/include '
pkg_cv_GLIB_COMPILE_SCHEMAS=/usr/lib/x86_64-linux-gnu/glib-2.0/glib-compile-schemas
pkg_cv_GLIB_LIBS='-lglib-2.0 '
pkg_cv_GTK3_CFLAGS='-I/usr/include/gtk-3.0 -I/usr/include/pango-1.0 -I/usr/include/glib-2.0 -I/usr/lib/x86_64-linux-gnu/glib-2.0/include -I/usr/include/harfbuzz -I/usr/include/freetype2 -I/usr/include/libpng16 -I/usr/include/libmount -I/usr/include/blkid -I/usr/include/fribidi -I/usr/include/cairo -I/usr/include/pixman-1 -I/usr/include/gdk-pixbuf-2.0 -I/usr/include/x86_64-linux-gnu -I/usr/include/webp -I/usr/include/gio-unix-2.0 -I/usr/include/atk-1.0 -I/usr/include/at-spi2-atk/2.0 -I/usr/include/at-spi-2.0 -I/usr/include/dbus-1.0 -I/usr/lib/x86_64-linux-gnu/dbus-1.0/include -pthread '
pkg_cv_GTK3_LIBS='-lgtk-3 -lgdk-3 -lz -lpangocairo-1.0 -lpango-1.0 -lharfbuzz -latk-1.0 -lcairo-gobject -lcairo -lgdk_pixbuf-2.0 -lgio-2.0 -lgobject-2.0 -lglib-2.0 '

## ----------------- ##
## Output variables. ##
## ----------------- ##










		$(INSTALL_DATA) $^ "$(DESTDIR)$(gsettingsschemadir)"; \
		test -n "$(GSETTINGS_DISABLE_SCHEMAS_COMPILE)$(DESTDIR)" || $(GLIB_COMPILE_SCHEMAS) $(gsettingsschemadir); \
		test -z "$(gsettingsschemadir)" || $(MKDIR_P) "$(DESTDIR)$(gsettingsschemadir)"; \
	$(AM_V_GEN) $(GLIB_COMPILE_SCHEMAS) --strict --dry-run $(addprefix --schema-file=,$(gsettings__enum_file)) --schema-file=$< && mkdir -p $(@D) && touch $@
	$(AM_V_GEN) glib-mkenums --comments '\''<!-- @comment@ -->'\'' --fhead "<schemalist>" --vhead "  <@type@ id='\''$(gsettings_ENUM_NAMESPACE).@EnumName@'\''>" --vprod "    <value nick='\''@valuenick@'\'' value='\''@valuenum@'\''/>" --vtail "  </@type@>" --ftail "</schemalist>" $^ > $@.tmp && mv $@.tmp $@
	@$(NORMAL_INSTALL)
	@$(NORMAL_UNINSTALL)
	@list='\''$(gsettings_SCHEMAS) $(gsettings__enum_file)'\''; test -n "$(gsettingsschemadir)" || list=; \
	cd "$(DESTDIR)$(gsettingsschemadir)" && rm -f $$files
	echo " ( cd '\''$(DESTDIR)$(gsettingsschemadir)'\'' && rm -f" $$files ")"; \
	fi
	files=`for p in $$list; do echo $$p; done | sed -e '\''s|^.*/||'\''`; \
	if test -n "$^"; then \
	rm -f $(gsettings_SCHEMAS:.xml=.valid) $(gsettings__enum_file)
	test -n "$$files" || exit 0; \
	test -n "$(GSETTINGS_DISABLE_SCHEMAS_COMPILE)$(DESTDIR)" || $(GLIB_COMPILE_SCHEMAS) $(gsettingsschemadir)
$(gsettings__enum_file): $(gsettings_ENUM_FILES)
%.gschema.valid: %.gschema.xml $(gsettings__enum_file)
.PHONY : uninstall-gsettings-schemas install-gsettings-schemas clean-gsettings-schemas
.SECONDARY: $(gsettings_SCHEMAS)
ACLOCAL='${SHELL} '\''/home/hamonikr/work/gooroom-security-status-tools/missing'\'' aclocal-1.16'
ALL_LINGUAS=''
AMDEPBACKSLASH='\'
AMDEP_FALSE='#'
AMDEP_TRUE=''
AMTAR='$${TAR-tar}'
AM_BACKSLASH='\'
AM_DEFAULT_V='$(AM_DEFAULT_VERBOSITY)'
AM_DEFAULT_VERBOSITY='0'
AM_V='$(V)'
AR='ar'
AUTOCONF='${SHELL} '\''/home/hamonikr/work/gooroom-security-status-tools/missing'\'' autoconf'
AUTOHEADER='${SHELL} '\''/home/hamonikr/work/gooroom-security-status-tools/missing'\'' autoheader'
AUTOMAKE='${SHELL} '\''/home/hamonikr/work/gooroom-security-status-tools/missing'\'' automake-1.16'
AWK='gawk'
CATALOGS=''
CATOBJEXT='.gmo'
CC='gcc'
CCDEPMODE='depmode=gcc3'
CFLAGS='-g -O2'
CPPFLAGS=''
CSCOPE='cscope'
CTAGS='ctags'
CYGPATH_W='echo'
DATADIRNAME='share'
DEFS=''
DEPDIR='.deps'
DLLTOOL='false'
DSYMUTIL=''
DUMPBIN=''
ECHO_C=''
ECHO_N='-n'
ECHO_T=''
EGREP='/usr/bin/grep -E'
ETAGS='etags'
EXEEXT=''
FGREP='/usr/bin/grep -F'
FILECMD='file'
GETTEXT_PACKAGE='hamonikr-security-tool'
GIO_CFLAGS='-I/usr/include/glib-2.0 -I/usr/lib/x86_64-linux-gnu/glib-2.0/include -pthread -I/usr/include/libmount -I/usr/include/blkid '
GIO_LIBS='-lgio-2.0 -lgobject-2.0 -lglib-2.0 '
GLIB_CFLAGS='-I/usr/include/glib-2.0 -I/usr/lib/x86_64-linux-gnu/glib-2.0/include '
GLIB_COMPILE_SCHEMAS='/usr/lib/x86_64-linux-gnu/glib-2.0/glib-compile-schemas'
GLIB_LIBS='-lglib-2.0 '
GMOFILES=''
GMSGFMT='/usr/bin/msgfmt'
GREP='/usr/bin/grep'
GSETTINGS_DISABLE_SCHEMAS_COMPILE=''
GSETTINGS_RULES='
GTK3_CFLAGS='-I/usr/include/gtk-3.0 -I/usr/include/pango-1.0 -I/usr/include/glib-2.0 -I/usr/lib/x86_64-linux-gnu/glib-2.0/include -I/usr/include/harfbuzz -I/usr/include/freetype2 -I/usr/include/libpng16 -I/usr/include/libmount -I/usr/include/blkid -I/usr/include/fribidi -I/usr/include/cairo -I/usr/include/pixman-1 -I/usr/include/gdk-pixbuf-2.0 -I/usr/include/x86_64-linux-gnu -I/usr/include/webp -I/usr/include/gio-unix-2.0 -I/usr/include/atk-1.0 -I/usr/include/at-spi2-atk/2.0 -I/usr/include/at-spi-2.0 -I/usr/include/dbus-1.0 -I/usr/lib/x86_64-linux-gnu/dbus-1.0/include -pthread '
GTK3_LIBS='-lgtk-3 -lgdk-3 -lz -lpangocairo-1.0 -lpango-1.0 -lharfbuzz -latk-1.0 -lcairo-gobject -lcairo -lgdk_pixbuf-2.0 -lgio-2.0 -lgobject-2.0 -lglib-2.0 '
INSTALL_DATA='${INSTALL} -m 644'
INSTALL_PROGRAM='${INSTALL}'
INSTALL_SCRIPT='${INSTALL}'
INSTALL_STRIP_PROGRAM='$(install_sh) -c -s'
INSTOBJEXT='.mo'
INTLLIBS=''
INTLTOOL_CAVES_RULE='%.caves:     %.caves.in     $(INTLTOOL_MERGE) $(wildcard $(top_srcdir)/po/*.po) ; $(INTLTOOL_V_MERGE)LC_ALL=C $(INTLTOOL_MERGE) $(INTLTOOL_V_MERGE_OPTIONS) -d -u -c $(top_builddir)/po/.intltool-merge-cache $(top_srcdir)/po $< $@'
INTLTOOL_DESKTOP_RULE='%.desktop:   %.desktop.in   $(INTLTOOL_MERGE) $(wildcard $(top_srcdir)/po/*.po) ; $(INTLTOOL_V_MERGE)LC_ALL=C $(INTLTOOL_MERGE) $(INTLTOOL_V_MERGE_OPTIONS) -d -u -c $(top_builddir)/po/.intltool-merge-cache $(top_srcdir)/po $< $@'
INTLTOOL_DIRECTORY_RULE='%.directory: %.directory.in $(INTLTOOL_MERGE) $(wildcard $(top_srcdir)/po/*.po) ; $(INTLTOOL_V_MERGE)LC_ALL=C $(INTLTOOL_MERGE) $(INTLTOOL_V_MERGE_OPTIONS) -d -u -c $(top_builddir)/po/.intltool-merge-cache $(top_srcdir)/po $< $@'
INTLTOOL_EXTRACT='/usr/bin/intltool-extract'
INTLTOOL_KBD_RULE='%.kbd:       %.kbd.in       $(INTLTOOL_MERGE) $(wildcard $(top_srcdir)/po/*.po) ; $(INTLTOOL_V_MERGE)LC_ALL=C $(INTLTOOL_MERGE) $(INTLTOOL_V_MERGE_OPTIONS) -x -u -m -c $(top_builddir)/po/.intltool-merge-cache $(top_srcdir)/po $< $@'
INTLTOOL_KEYS_RULE='%.keys:      %.keys.in      $(INTLTOOL_MERGE) $(wildcard $(top_srcdir)/po/*.po) ; $(INTLTOOL_V_MERGE)LC_ALL=C $(INTLTOOL_MERGE) $(INTLTOOL_V_MERGE_OPTIONS) -k -u -c $(top_builddir)/po/.intltool-merge-cache $(top_srcdir)/po $< $@'
INTLTOOL_MERGE='/usr/bin/intltool-merge'
INTLTOOL_OAF_RULE='%.oaf:       %.oaf.in       $(INTLTOOL_MERGE) $(wildcard $(top_srcdir)/po/*.po) ; $(INTLTOOL_V_MERGE)LC_ALL=C $(INTLTOOL_MERGE) $(INTLTOOL_V_MERGE_OPTIONS) -o -p $(top_srcdir)/po $< $@'
INTLTOOL_PERL='/usr/bin/perl'
INTLTOOL_POLICY_RULE='%.policy:    %.policy.in    $(INTLTOOL_MERGE) $(wildcard $(top_srcdir)/po/*.po) ; $(INTLTOOL_V_MERGE)LC_ALL=C $(INTLTOOL_MERGE) $(INTLTOOL_V_MERGE_OPTIONS) -x -u -c $(top_builddir)/po/.intltool-merge-cache $(top_srcdir)/po $< $@'
INTLTOOL_PONG_RULE='%.pong:      %.pong.in      $(INTLTOOL_MERGE) $(wildcard $(top_srcdir)/po/*.po) ; $(INTLTOOL_V_MERGE)LC_ALL=C $(INTLTOOL_MERGE) $(INTLTOOL_V_MERGE_OPTIONS) -x -u -c $(top_builddir)/po/.intltool-merge-cache $(top_srcdir)/po $< $@'
INTLTOOL_PROP_RULE='%.prop:      %.prop.in      $(INTLTOOL_MERGE) $(wildcard $(top_srcdir)/po/*.po) ; $(INTLTOOL_V_MERGE)LC_ALL=C $(INTLTOOL_MERGE) $(INTLTOOL_V_MERGE_OPTIONS) -d -u -c $(top_builddir)/po/.intltool-merge-cache $(top_srcdir)/po $< $@'
INTLTOOL_SCHEMAS_RULE='%.schemas:   %.schemas.in   $(INTLTOOL_MERGE) $(wildcard $(top_srcdir)/po/*.po) ; $(INTLTOOL_V_MERGE)LC_ALL=C $(INTLTOOL_MERGE) $(INTLTOOL_V_MERGE_OPTIONS) -s -u -c $(top_builddir)/po/.intltool-merge-cache $(top_srcdir)/po $< $@'
INTLTOOL_SERVER_RULE='%.server:    %.server.in    $(INTLTOOL_MERGE) $(wildcard $(top_srcdir)/po/*.po) ; $(INTLTOOL_V_MERGE)LC_ALL=C $(INTLTOOL_MERGE) $(INTLTOOL_V_MERGE_OPTIONS) -o -u -c $(top_builddir)/po/.intltool-merge-cache $(top_srcdir)/po $< $@'
INTLTOOL_SERVICE_RULE='%.service: %.service.in   $(INTLTOOL_MERGE) $(wildcard $(top_srcdir)/po/*.po) ; $(INTLTOOL_V_MERGE)LC_ALL=C $(INTLTOOL_MERGE) $(INTLTOOL_V_MERGE_OPTIONS) -d -u -c $(top_builddir)/po/.intltool-merge-cache $(top_srcdir)/po $< $@'
INTLTOOL_SHEET_RULE='%.sheet:     %.sheet.in     $(INTLTOOL_MERGE) $(wildcard $(top_srcdir)/po/*.po) ; $(INTLTOOL_V_MERGE)LC_ALL=C $(INTLTOOL_MERGE) $(INTLTOOL_V_MERGE_OPTIONS) -x -u -c $(top_builddir)/po/.intltool-merge-cache $(top_srcdir)/po $< $@'
INTLTOOL_SOUNDLIST_RULE='%.soundlist: %.soundlist.in $(INTLTOOL_MERGE) $(wildcard $(top_srcdir)/po/*.po) ; $(INTLTOOL_V_MERGE)LC_ALL=C $(INTLTOOL_MERGE) $(INTLTOOL_V_MERGE_OPTIONS) -d -u -c $(top_builddir)/po/.intltool-merge-cache $(top_srcdir)/po $< $@'
INTLTOOL_THEME_RULE='%.theme:     %.theme.in     $(INTLTOOL_MERGE) $(wildcard $(top_srcdir)/po/*.po) ; $(INTLTOOL_V_MERGE)LC_ALL=C $(INTLTOOL_MERGE) $(INTLTOOL_V_MERGE_OPTIONS) -d -u -c $(top_builddir)/po/.intltool-merge-cache $(top_srcdir)/po $< $@'
INTLTOOL_UI_RULE='%.ui:        %.ui.in        $(INTLTOOL_MERGE) $(wildcard $(top_srcdir)/po/*.po) ; $(INTLTOOL_V_MERGE)LC_ALL=C $(INTLTOOL_MERGE) $(INTLTOOL_V_MERGE_OPTIONS) -x -u -c $(top_builddir)/po/.intltool-merge-cache $(top_srcdir)/po $< $@'
INTLTOOL_UPDATE='/usr/bin/intltool-update'
INTLTOOL_V_MERGE='$(INTLTOOL__v_MERGE_$(V))'
INTLTOOL_V_MERGE_OPTIONS='$(intltool__v_merge_options_$(V))'
INTLTOOL_XAM_RULE='%.xam:       %.xml.in       $(INTLTOOL_MERGE) $(wildcard $(top_srcdir)/po/*.po) ; $(INTLTOOL_V_MERGE)LC_ALL=C $(INTLTOOL_MERGE) $(INTLTOOL_V_MERGE_OPTIONS) -x -u -c $(top_builddir)/po/.intltool-merge-cache $(top_srcdir)/po $< $@'
INTLTOOL_XML_NOMERGE_RULE='%.xml:       %.xml.in       $(INTLTOOL_MERGE) ; $(INTLTOOL_V_MERGE)LC_ALL=C $(INTLTOOL_MERGE) $(INTLTOOL_V_MERGE_OPTIONS) -x -u --no-translations $< $@'
INTLTOOL_XML_RULE='%.xml:       %.xml.in       $(INTLTOOL_MERGE) $(wildcard $(top_srcdir)/po/*.po) ; $(INTLTOOL_V_MERGE)LC_ALL=C $(INTLTOOL_MERGE) $(INTLTOOL_V_MERGE_OPTIONS) -x -u -c $(top_builddir)/po/.intltool-merge-cache $(top_srcdir)/po $< $@'
INTLTOOL__v_MERGE_0='@echo "  ITMRG " $@;'
INTLTOOL__v_MERGE_='$(INTLTOOL__v_MERGE_$(AM_DEFAULT_VERBOSITY))'
INTL_MACOSX_LIBS=''
JSON_C_CFLAGS=''
JSON_C_LIBS=''
LD='/usr/bin/ld -m elf_x86_64'
LDFLAGS=''
LIBOBJS=''
LIBS=''
LIBTOOL='$(SHELL) $(top_builddir)/libtool'
LIPO=''
LN_S='ln -s'
LTLIBOBJS=''
LT_SYS_LIBRARY_PATH=''
MAINT='#'
MAINTAINER_MODE_FALSE=''
MAINTAINER_MODE_TRUE='#'
MAKEINFO='${SHELL} '\''/home/hamonikr/work/gooroom-security-status-tools/missing'\'' makeinfo'
MANIFEST_TOOL=':'
MKDIR_P='/usr/bin/mkdir -p'
MKINSTALLDIRS='.//mkinstalldirs'
MSGFMT='/usr/bin/msgfmt'
MSGFMT_OPTS='-c'
MSGMERGE='/usr/bin/msgmerge'
NM='/usr/bin/nm -B'
NMEDIT=''
OBJDUMP='objdump'
OBJEXT='o'
OTOOL64=''
OTOOL=''
PACKAGE='hamonikr-security-tool'
PACKAGE_BUGREPORT=''
PACKAGE_NAME='hamonikr-security-tool'
PACKAGE_STRING='hamonikr-security-tool 1.0.0'
PACKAGE_TARNAME='hamonikr-security-tool'
PACKAGE_URL=''
PACKAGE_VERSION='1.0.0'
PATH_SEPARATOR=':'
PKG_CONFIG='/usr/bin/pkg-config'
PKG_CONFIG_LIBDIR=''
PKG_CONFIG_PATH=''
POFILES=''
POLKIT_CFLAGS=''
POLKIT_LIBS=''
POSUB='po'
PO_IN_DATADIR_FALSE=''
PO_IN_DATADIR_TRUE=''
RANLIB='ranlib'
SED='/usr/bin/sed'
SET_MAKE=''
SHELL='/bin/bash'
STRIP='strip'
USE_NLS='yes'
VERSION='1.0.0'
XGETTEXT='/usr/bin/xgettext'
ac_ct_AR='ar'
ac_ct_CC='gcc'
ac_ct_DUMPBIN=''
all-am: $(gsettings_SCHEMAS:.xml=.valid)
am__EXEEXT_FALSE=''
am__EXEEXT_TRUE=''
am__fastdepCC_FALSE='#'
am__fastdepCC_TRUE=''
am__include='include'
am__isrc=''
am__leading_dot='.'
am__nodep='_no'
am__quote=''
am__tar='$${TAR-tar} chof - "$$tardir"'
am__untar='$${TAR-tar} xf -'
bindir='${exec_prefix}/bin'
build='x86_64-pc-linux-gnu'
build_alias=''
build_cpu='x86_64'
build_os='linux-gnu'
build_vendor='pc'
clean-gsettings-schemas:
datadir='${datarootdir}'
datarootdir='${prefix}/share'
docdir='${datarootdir}/doc/${PACKAGE_TARNAME}'
dvidir='${docdir}'
endif'
exec_prefix='NONE'
gsettings__enum_file = $(addsuffix .enums.xml,$(gsettings_ENUM_NAMESPACE))
gsettingsschemadir='${datarootdir}/glib-2.0/schemas'
host='x86_64-pc-linux-gnu'
host_alias=''
host_cpu='x86_64'
host_os='linux-gnu'
host_vendor='pc'
htmldir='${docdir}'
ifdef gsettings_ENUM_NAMESPACE
includedir='${prefix}/include'
infodir='${datarootdir}/info'
install-data-am: install-gsettings-schemas
install-gsettings-schemas: $(gsettings_SCHEMAS) $(gsettings__enum_file)
install_sh='${SHELL} /home/hamonikr/work/gooroom-security-status-tools/install-sh'
intltool__v_merge_options_0='-q'
intltool__v_merge_options_='$(intltool__v_merge_options_$(AM_DEFAULT_VERBOSITY))'
libdir='${exec_prefix}/lib'
libexecdir='${exec_prefix}/libexec'
localedir='${datarootdir}/locale'
localstatedir='${prefix}/var'
mandir='${datarootdir}/man'
mkdir_p='$(MKDIR_P)'
mostlyclean-am: clean-gsettings-schemas
oldincludedir='/usr/include'
pdfdir='${docdir}'
prefix='NONE'
program_transform_name='s,x,x,'
psdir='${docdir}'
runstatedir='${localstatedir}/run'
sbindir='${exec_prefix}/sbin'
sharedstatedir='${prefix}/com'
sysconfdir='${prefix}/etc'
target_alias=''
uninstall-am: uninstall-gsettings-schemas
uninstall-gsettings-schemas:

## ----------- ##
## confdefs.h. ##
## ----------- ##

/* confdefs.h */
#define PACKAGE_NAME "hamonikr-security-tool"
#define PACKAGE_TARNAME "hamonikr-security-tool"
#define PACKAGE_VERSION "1.0.0"
#define PACKAGE_STRING "hamonikr-security-tool 1.0.0"
#define PACKAGE_BUGREPORT ""
#define PACKAGE_URL ""
#define PACKAGE "hamonikr-security-tool"
#define VERSION "1.0.0"
#define HAVE_STDIO_H 1
#define HAVE_STDLIB_H 1
#define HAVE_STRING_H 1
#define HAVE_INTTYPES_H 1
#define HAVE_STDINT_H 1
#define HAVE_STRINGS_H 1
#define HAVE_SYS_STAT_H 1
#define HAVE_SYS_TYPES_H 1
#define HAVE_UNISTD_H 1
#define STDC_HEADERS 1
#define HAVE_DLFCN_H 1
#define LT_OBJDIR ".libs/"
#define HAVE_STDLIB_H 1
#define HAVE_STRING_H 1
#define HAVE_ERRNO_H 1
#define HAVE_UNISTD_H 1
#define GETTEXT_PACKAGE "hamonikr-security-tool"
#define HAVE_LOCALE_H 1
#define HAVE_LC_MESSAGES 1
#define HAVE_BIND_TEXTDOMAIN_CODESET 1
#define HAVE_GETTEXT 1
#define HAVE_DCGETTEXT 1
#define ENABLE_NLS 1

configure: exit 1
